
**** 05/14/110 00:39:18 ******** NT Evaluation PSpice (July 1997) ************

 * C:\Users\Tiago\Desktop\EE530\pspice\tcs530\Lab3\Q1\q1.sch


 ****     CIRCUIT DESCRIPTION


******************************************************************************




* Schematics Version 8.0 - July 1997
* Fri May 14 00:35:52 2010



** Analysis setup **
.DC LIN V_V2 0 10 0.1 
+ LIN V_V1 1.941 3.941 0.5 
.OP 
.LIB "C:\Users\Tiago\Desktop\EE530\pspice\tcs530\Lab3\Q1\q1.lib"


* From [SCHEMATICS NETLIST] section of msim.ini:
.lib nom.lib

.INC "q1.net"

**** INCLUDING q1.net ****
* Schematics Netlist *



V_V2         VD 0 0V
V_V1         VG 0 0V
M_M4         VD VG 0 0 MbreakN3           

**** RESUMING q1.cir ****
.INC "q1.als"



**** INCLUDING q1.als ****
* Schematics Aliases *

.ALIASES
V_V2            V2(+=VD -=0 )
V_V1            V1(+=VG -=0 )
M_M4            M4(d=VD g=VG s=0 s=0 )
_    _(VG=VG)
_    _(VD=VD)
.ENDALIASES


**** RESUMING q1.cir ****
.probe


.END

**** 05/14/110 00:39:18 ******** NT Evaluation PSpice (July 1997) ************

 * C:\Users\Tiago\Desktop\EE530\pspice\tcs530\Lab3\Q1\q1.sch


 ****     MOSFET MODEL PARAMETERS


******************************************************************************




               MbreakN3        
               NMOS            
       LEVEL    1            
           L   10.000000E-06 
           W  100.000000E-06 
         VTO    1.941        
          KP  100.000000E-06 
       GAMMA    0            
         PHI     .6          
      LAMBDA     .01         
          IS   10.000000E-15 
          JS    0            
          PB     .8          
        PBSW     .8          
          CJ    0            
        CJSW    0            
        CGSO    0            
        CGDO    0            
         TOX    0            
          XJ    0            
      DIOMOD    1            
         VFB    0            
          U0    0            
        TEMP    0            
         VDD    0            
       XPART    0            


**** 05/14/110 00:39:18 ******** NT Evaluation PSpice (July 1997) ************

 * C:\Users\Tiago\Desktop\EE530\pspice\tcs530\Lab3\Q1\q1.sch


 ****     SMALL SIGNAL BIAS SOLUTION       TEMPERATURE =   27.000 DEG C


******************************************************************************



 NODE   VOLTAGE     NODE   VOLTAGE     NODE   VOLTAGE     NODE   VOLTAGE


(   VD)    0.0000  (   VG)    0.0000  




    VOLTAGE SOURCE CURRENTS
    NAME         CURRENT

    V_V2         0.000E+00
    V_V1         0.000E+00

    TOTAL POWER DISSIPATION   0.00E+00  WATTS


**** 05/14/110 00:39:18 ******** NT Evaluation PSpice (July 1997) ************

 * C:\Users\Tiago\Desktop\EE530\pspice\tcs530\Lab3\Q1\q1.sch


 ****     OPERATING POINT INFORMATION      TEMPERATURE =   27.000 DEG C


******************************************************************************






**** MOSFETS


NAME         M_M4      
MODEL        MbreakN3  
ID           0.00E+00 
VGS          0.00E+00 
VDS          0.00E+00 
VBS          0.00E+00 
VTH          1.94E+00 
VDSAT        0.00E+00 
GM           0.00E+00 
GDS          0.00E+00 
GMB          0.00E+00 
CBD          0.00E+00 
CBS          0.00E+00 
CGSOV        0.00E+00 
CGDOV        0.00E+00 
CGBOV        0.00E+00 
CGS          0.00E+00 
CGD          0.00E+00 
CGB          0.00E+00 

          JOB CONCLUDED

          TOTAL JOB TIME             .13
